2023/05/25 09:19:40 [notice] 1#1: using the "epoll" event method
2023/05/25 09:19:40 [notice] 1#1: nginx/1.23.4
2023/05/25 09:19:40 [notice] 1#1: built by gcc 12.2.1 20220924 (Alpine 12.2.1_git20220924-r4) 
2023/05/25 09:19:40 [notice] 1#1: OS: Linux 5.15.90.1-microsoft-standard-WSL2
2023/05/25 09:19:40 [notice] 1#1: getrlimit(RLIMIT_NOFILE): 1048576:1048576
2023/05/25 09:19:40 [notice] 1#1: start worker processes
2023/05/25 09:19:40 [notice] 1#1: start worker process 29
2023/05/25 09:19:40 [notice] 1#1: start worker process 30
2023/05/25 09:19:40 [notice] 1#1: start worker process 31
2023/05/25 09:19:40 [notice] 1#1: start worker process 32
2023/05/25 09:21:17 [notice] 1#1: signal 3 (SIGQUIT) received, shutting down
2023/05/25 09:21:17 [notice] 31#31: gracefully shutting down
2023/05/25 09:21:17 [notice] 31#31: exiting
2023/05/25 09:21:17 [notice] 29#29: gracefully shutting down
2023/05/25 09:21:17 [notice] 30#30: gracefully shutting down
2023/05/25 09:21:17 [notice] 30#30: exiting
2023/05/25 09:21:17 [notice] 32#32: gracefully shutting down
2023/05/25 09:21:17 [notice] 32#32: exiting
2023/05/25 09:21:17 [notice] 32#32: exit
2023/05/25 09:21:17 [notice] 31#31: exit
2023/05/25 09:21:17 [notice] 29#29: exiting
2023/05/25 09:21:17 [notice] 30#30: exit
2023/05/25 09:21:17 [notice] 29#29: exit
2023/05/25 09:21:17 [notice] 1#1: signal 17 (SIGCHLD) received from 32
2023/05/25 09:21:17 [notice] 1#1: worker process 32 exited with code 0
2023/05/25 09:21:17 [notice] 1#1: signal 29 (SIGIO) received
2023/05/25 09:21:17 [notice] 1#1: signal 17 (SIGCHLD) received from 31
2023/05/25 09:21:17 [notice] 1#1: worker process 31 exited with code 0
2023/05/25 09:21:17 [notice] 1#1: signal 29 (SIGIO) received
2023/05/25 09:21:17 [notice] 1#1: signal 17 (SIGCHLD) received from 29
2023/05/25 09:21:17 [notice] 1#1: worker process 29 exited with code 0
2023/05/25 09:21:17 [notice] 1#1: worker process 30 exited with code 0
2023/05/25 09:21:17 [notice] 1#1: exit
2023/05/25 09:21:21 [notice] 1#1: using the "epoll" event method
2023/05/25 09:21:21 [notice] 1#1: nginx/1.23.4
2023/05/25 09:21:21 [notice] 1#1: built by gcc 12.2.1 20220924 (Alpine 12.2.1_git20220924-r4) 
2023/05/25 09:21:21 [notice] 1#1: OS: Linux 5.15.90.1-microsoft-standard-WSL2
2023/05/25 09:21:21 [notice] 1#1: getrlimit(RLIMIT_NOFILE): 1048576:1048576
2023/05/25 09:21:21 [notice] 1#1: start worker processes
2023/05/25 09:21:21 [notice] 1#1: start worker process 29
2023/05/25 09:21:21 [notice] 1#1: start worker process 30
2023/05/25 09:21:21 [notice] 1#1: start worker process 31
2023/05/25 09:21:21 [notice] 1#1: start worker process 32
2023/05/25 10:39:15 [notice] 1#1: signal 3 (SIGQUIT) received, shutting down
2023/05/25 10:39:15 [notice] 29#29: gracefully shutting down
2023/05/25 10:39:15 [notice] 32#32: gracefully shutting down
2023/05/25 10:39:15 [notice] 30#30: gracefully shutting down
2023/05/25 10:39:15 [notice] 30#30: exiting
2023/05/25 10:39:15 [notice] 31#31: gracefully shutting down
2023/05/25 10:39:15 [notice] 29#29: exiting
2023/05/25 10:39:15 [notice] 32#32: exiting
2023/05/25 10:39:15 [notice] 30#30: exit
2023/05/25 10:39:15 [notice] 31#31: exiting
2023/05/25 10:39:15 [notice] 29#29: exit
2023/05/25 10:39:15 [notice] 32#32: exit
2023/05/25 10:39:15 [notice] 31#31: exit
2023/05/25 10:39:15 [notice] 1#1: signal 17 (SIGCHLD) received from 30
2023/05/25 10:39:15 [notice] 1#1: worker process 29 exited with code 0
2023/05/25 10:39:15 [notice] 1#1: worker process 30 exited with code 0
2023/05/25 10:39:15 [notice] 1#1: worker process 31 exited with code 0
2023/05/25 10:39:15 [notice] 1#1: signal 29 (SIGIO) received
2023/05/25 10:39:15 [notice] 1#1: signal 17 (SIGCHLD) received from 31
2023/05/25 10:39:15 [notice] 1#1: signal 17 (SIGCHLD) received from 32
2023/05/25 10:39:15 [notice] 1#1: worker process 32 exited with code 0
2023/05/25 10:39:15 [notice] 1#1: exit
2023/05/25 10:59:47 [notice] 1#1: using the "epoll" event method
2023/05/25 10:59:47 [notice] 1#1: nginx/1.23.4
2023/05/25 10:59:47 [notice] 1#1: built by gcc 12.2.1 20220924 (Alpine 12.2.1_git20220924-r4) 
2023/05/25 10:59:47 [notice] 1#1: OS: Linux 5.15.90.1-microsoft-standard-WSL2
2023/05/25 10:59:47 [notice] 1#1: getrlimit(RLIMIT_NOFILE): 1048576:1048576
2023/05/25 10:59:47 [notice] 1#1: start worker processes
2023/05/25 10:59:47 [notice] 1#1: start worker process 29
2023/05/25 10:59:47 [notice] 1#1: start worker process 30
2023/05/25 10:59:47 [notice] 1#1: start worker process 31
2023/05/25 10:59:47 [notice] 1#1: start worker process 32
2023/05/25 13:41:29 [notice] 1#1: signal 3 (SIGQUIT) received, shutting down
2023/05/25 13:41:29 [notice] 30#30: gracefully shutting down
2023/05/25 13:41:29 [notice] 30#30: exiting
2023/05/25 13:41:29 [notice] 32#32: gracefully shutting down
2023/05/25 13:41:29 [notice] 29#29: gracefully shutting down
2023/05/25 13:41:29 [notice] 31#31: gracefully shutting down
2023/05/25 13:41:29 [notice] 30#30: exit
2023/05/25 13:41:29 [notice] 29#29: exiting
2023/05/25 13:41:29 [notice] 29#29: exit
2023/05/25 13:41:29 [notice] 32#32: exiting
2023/05/25 13:41:29 [notice] 31#31: exiting
2023/05/25 13:41:29 [notice] 31#31: exit
2023/05/25 13:41:29 [notice] 32#32: exit
2023/05/25 13:41:30 [notice] 1#1: signal 17 (SIGCHLD) received from 30
2023/05/25 13:41:30 [notice] 1#1: worker process 29 exited with code 0
2023/05/25 13:41:30 [notice] 1#1: worker process 30 exited with code 0
2023/05/25 13:41:30 [notice] 1#1: worker process 32 exited with code 0
2023/05/25 13:41:30 [notice] 1#1: worker process 31 exited with code 0
2023/05/25 13:41:30 [notice] 1#1: exit
2023/05/25 13:57:19 [emerg] 1#1: host not found in upstream "php" in /etc/nginx/conf.d/default.conf:9
2023/05/25 13:58:42 [emerg] 1#1: host not found in upstream "php" in /etc/nginx/conf.d/default.conf:9
2023/05/25 15:11:26 [notice] 1#1: using the "epoll" event method
2023/05/25 15:11:26 [notice] 1#1: nginx/1.23.4
2023/05/25 15:11:26 [notice] 1#1: built by gcc 12.2.1 20220924 (Alpine 12.2.1_git20220924-r4) 
2023/05/25 15:11:26 [notice] 1#1: OS: Linux 5.15.90.1-microsoft-standard-WSL2
2023/05/25 15:11:26 [notice] 1#1: getrlimit(RLIMIT_NOFILE): 1048576:1048576
2023/05/25 15:11:26 [notice] 1#1: start worker processes
2023/05/25 15:11:26 [notice] 1#1: start worker process 29
2023/05/25 15:11:26 [notice] 1#1: start worker process 30
2023/05/25 15:11:26 [notice] 1#1: start worker process 31
2023/05/25 15:11:26 [notice] 1#1: start worker process 32
2023/05/25 15:12:40 [notice] 1#1: signal 3 (SIGQUIT) received, shutting down
2023/05/25 15:12:40 [notice] 32#32: gracefully shutting down
2023/05/25 15:12:40 [notice] 32#32: exiting
2023/05/25 15:12:40 [notice] 31#31: gracefully shutting down
2023/05/25 15:12:40 [notice] 31#31: exiting
2023/05/25 15:12:40 [notice] 30#30: gracefully shutting down
2023/05/25 15:12:40 [notice] 29#29: gracefully shutting down
2023/05/25 15:12:40 [notice] 32#32: exit
2023/05/25 15:12:40 [notice] 31#31: exit
2023/05/25 15:12:40 [notice] 30#30: exiting
2023/05/25 15:12:40 [notice] 30#30: exit
2023/05/25 15:12:40 [notice] 29#29: exiting
2023/05/25 15:12:40 [notice] 29#29: exit
2023/05/25 15:12:40 [notice] 1#1: signal 17 (SIGCHLD) received from 32
2023/05/25 15:12:40 [notice] 1#1: worker process 32 exited with code 0
2023/05/25 15:12:40 [notice] 1#1: signal 29 (SIGIO) received
2023/05/25 15:12:40 [notice] 1#1: signal 17 (SIGCHLD) received from 31
2023/05/25 15:12:40 [notice] 1#1: worker process 31 exited with code 0
2023/05/25 15:12:40 [notice] 1#1: signal 29 (SIGIO) received
2023/05/25 15:12:40 [notice] 1#1: signal 17 (SIGCHLD) received from 29
2023/05/25 15:12:40 [notice] 1#1: worker process 29 exited with code 0
2023/05/25 15:12:40 [notice] 1#1: worker process 30 exited with code 0
2023/05/25 15:12:40 [notice] 1#1: exit
2023/05/25 15:12:58 [notice] 1#1: using the "epoll" event method
2023/05/25 15:12:58 [notice] 1#1: nginx/1.23.4
2023/05/25 15:12:58 [notice] 1#1: built by gcc 12.2.1 20220924 (Alpine 12.2.1_git20220924-r4) 
2023/05/25 15:12:58 [notice] 1#1: OS: Linux 5.15.90.1-microsoft-standard-WSL2
2023/05/25 15:12:58 [notice] 1#1: getrlimit(RLIMIT_NOFILE): 1048576:1048576
2023/05/25 15:12:58 [notice] 1#1: start worker processes
2023/05/25 15:12:58 [notice] 1#1: start worker process 30
2023/05/25 15:12:58 [notice] 1#1: start worker process 31
2023/05/25 15:12:58 [notice] 1#1: start worker process 32
2023/05/25 15:12:58 [notice] 1#1: start worker process 33
2023/05/25 15:13:01 [notice] 1#1: signal 3 (SIGQUIT) received, shutting down
2023/05/25 15:13:01 [notice] 31#31: gracefully shutting down
2023/05/25 15:13:01 [notice] 32#32: gracefully shutting down
2023/05/25 15:13:01 [notice] 32#32: exiting
2023/05/25 15:13:01 [notice] 30#30: gracefully shutting down
2023/05/25 15:13:01 [notice] 33#33: gracefully shutting down
2023/05/25 15:13:01 [notice] 33#33: exiting
2023/05/25 15:13:01 [notice] 33#33: exit
2023/05/25 15:13:01 [notice] 32#32: exit
2023/05/25 15:13:01 [notice] 30#30: exiting
2023/05/25 15:13:01 [notice] 30#30: exit
2023/05/25 15:13:01 [notice] 1#1: signal 17 (SIGCHLD) received from 33
2023/05/25 15:13:01 [notice] 1#1: worker process 33 exited with code 0
2023/05/25 15:13:01 [notice] 1#1: signal 29 (SIGIO) received
2023/05/25 15:13:01 [notice] 1#1: signal 17 (SIGCHLD) received from 32
2023/05/25 15:13:01 [notice] 1#1: worker process 30 exited with code 0
2023/05/25 15:13:01 [notice] 1#1: worker process 32 exited with code 0
2023/05/25 15:13:01 [notice] 1#1: signal 29 (SIGIO) received
2023/05/25 15:13:54 [notice] 1#1: using the "epoll" event method
2023/05/25 15:13:54 [notice] 1#1: nginx/1.23.4
2023/05/25 15:13:54 [notice] 1#1: built by gcc 12.2.1 20220924 (Alpine 12.2.1_git20220924-r4) 
2023/05/25 15:13:54 [notice] 1#1: OS: Linux 5.15.90.1-microsoft-standard-WSL2
2023/05/25 15:13:54 [notice] 1#1: getrlimit(RLIMIT_NOFILE): 1048576:1048576
2023/05/25 15:13:54 [notice] 1#1: start worker processes
2023/05/25 15:13:54 [notice] 1#1: start worker process 29
2023/05/25 15:13:54 [notice] 1#1: start worker process 30
2023/05/25 15:13:54 [notice] 1#1: start worker process 31
2023/05/25 15:13:54 [notice] 1#1: start worker process 32
2023/05/25 15:15:43 [notice] 1#1: signal 3 (SIGQUIT) received, shutting down
2023/05/25 15:15:43 [notice] 30#30: gracefully shutting down
2023/05/25 15:15:43 [notice] 30#30: exiting
2023/05/25 15:15:43 [notice] 31#31: gracefully shutting down
2023/05/25 15:15:43 [notice] 31#31: exiting
2023/05/25 15:15:43 [notice] 32#32: gracefully shutting down
2023/05/25 15:15:43 [notice] 29#29: gracefully shutting down
2023/05/25 15:15:43 [notice] 29#29: exiting
2023/05/25 15:15:43 [notice] 30#30: exit
2023/05/25 15:15:43 [notice] 31#31: exit
2023/05/25 15:15:43 [notice] 32#32: exiting
2023/05/25 15:15:43 [notice] 29#29: exit
2023/05/25 15:15:43 [notice] 32#32: exit
2023/05/25 15:15:43 [notice] 1#1: signal 17 (SIGCHLD) received from 31
2023/05/25 15:15:43 [notice] 1#1: worker process 31 exited with code 0
2023/05/25 15:15:43 [notice] 1#1: signal 29 (SIGIO) received
2023/05/25 15:15:43 [notice] 1#1: signal 17 (SIGCHLD) received from 30
2023/05/25 15:15:43 [notice] 1#1: worker process 29 exited with code 0
2023/05/25 15:15:43 [notice] 1#1: worker process 30 exited with code 0
2023/05/25 15:15:43 [notice] 1#1: worker process 32 exited with code 0
2023/05/25 15:15:43 [notice] 1#1: exit
2023/05/25 15:15:49 [notice] 1#1: using the "epoll" event method
2023/05/25 15:15:49 [notice] 1#1: nginx/1.23.4
2023/05/25 15:15:49 [notice] 1#1: built by gcc 12.2.1 20220924 (Alpine 12.2.1_git20220924-r4) 
2023/05/25 15:15:49 [notice] 1#1: OS: Linux 5.15.90.1-microsoft-standard-WSL2
2023/05/25 15:15:49 [notice] 1#1: getrlimit(RLIMIT_NOFILE): 1048576:1048576
2023/05/25 15:15:49 [notice] 1#1: start worker processes
2023/05/25 15:15:49 [notice] 1#1: start worker process 29
2023/05/25 15:15:49 [notice] 1#1: start worker process 30
2023/05/25 15:15:49 [notice] 1#1: start worker process 31
2023/05/25 15:15:49 [notice] 1#1: start worker process 32
2023/05/25 15:15:56 [notice] 1#1: signal 3 (SIGQUIT) received, shutting down
2023/05/25 15:15:56 [notice] 29#29: gracefully shutting down
2023/05/25 15:15:56 [notice] 29#29: exiting
2023/05/25 15:15:56 [notice] 30#30: gracefully shutting down
2023/05/25 15:15:56 [notice] 30#30: exiting
2023/05/25 15:15:56 [notice] 31#31: gracefully shutting down
2023/05/25 15:15:56 [notice] 31#31: exiting
2023/05/25 15:15:56 [notice] 29#29: exit
2023/05/25 15:15:56 [notice] 31#31: exit
2023/05/25 15:15:56 [notice] 30#30: exit
2023/05/25 15:15:56 [notice] 32#32: gracefully shutting down
2023/05/25 15:15:56 [notice] 32#32: exiting
2023/05/25 15:15:56 [notice] 32#32: exit
2023/05/25 15:15:56 [notice] 1#1: signal 17 (SIGCHLD) received from 30
2023/05/25 15:15:56 [notice] 1#1: worker process 29 exited with code 0
2023/05/25 15:15:56 [notice] 1#1: worker process 30 exited with code 0
2023/05/25 15:15:56 [notice] 1#1: worker process 31 exited with code 0
2023/05/25 15:15:56 [notice] 1#1: signal 29 (SIGIO) received
2023/05/25 15:15:56 [notice] 1#1: signal 17 (SIGCHLD) received from 32
2023/05/25 15:15:56 [notice] 1#1: worker process 32 exited with code 0
2023/05/25 15:15:56 [notice] 1#1: exit
2023/05/25 20:35:54 [notice] 1#1: using the "epoll" event method
2023/05/25 20:35:54 [notice] 1#1: nginx/1.23.4
2023/05/25 20:35:54 [notice] 1#1: built by gcc 12.2.1 20220924 (Alpine 12.2.1_git20220924-r4) 
2023/05/25 20:35:54 [notice] 1#1: OS: Linux 5.15.90.1-microsoft-standard-WSL2
2023/05/25 20:35:54 [notice] 1#1: getrlimit(RLIMIT_NOFILE): 1048576:1048576
2023/05/25 20:35:54 [notice] 1#1: start worker processes
2023/05/25 20:35:54 [notice] 1#1: start worker process 29
2023/05/25 20:35:54 [notice] 1#1: start worker process 30
2023/05/25 20:35:54 [notice] 1#1: start worker process 31
2023/05/25 20:35:54 [notice] 1#1: start worker process 32
2023/05/25 20:38:14 [notice] 1#1: signal 3 (SIGQUIT) received, shutting down
2023/05/25 20:38:14 [notice] 29#29: gracefully shutting down
2023/05/25 20:38:14 [notice] 31#31: gracefully shutting down
2023/05/25 20:38:14 [notice] 30#30: gracefully shutting down
2023/05/25 20:38:14 [notice] 32#32: gracefully shutting down
2023/05/25 20:38:14 [notice] 29#29: exiting
2023/05/25 20:38:14 [notice] 30#30: exiting
2023/05/25 20:38:14 [notice] 31#31: exiting
2023/05/25 20:38:14 [notice] 30#30: exit
2023/05/25 20:38:14 [notice] 32#32: exiting
2023/05/25 20:38:14 [notice] 29#29: exit
2023/05/25 20:38:14 [notice] 31#31: exit
2023/05/25 20:38:14 [notice] 32#32: exit
2023/05/25 20:38:14 [notice] 1#1: signal 17 (SIGCHLD) received from 30
2023/05/25 20:38:14 [notice] 1#1: worker process 29 exited with code 0
2023/05/25 20:38:14 [notice] 1#1: worker process 30 exited with code 0
2023/05/25 20:38:14 [notice] 1#1: worker process 31 exited with code 0
2023/05/25 20:38:14 [notice] 1#1: signal 29 (SIGIO) received
2023/05/25 20:38:14 [notice] 1#1: signal 17 (SIGCHLD) received from 29
2023/05/25 20:38:14 [notice] 1#1: signal 17 (SIGCHLD) received from 32
2023/05/25 20:38:14 [notice] 1#1: worker process 32 exited with code 0
2023/05/25 20:38:14 [notice] 1#1: exit
2023/05/25 20:40:04 [notice] 1#1: using the "epoll" event method
2023/05/25 20:40:04 [notice] 1#1: nginx/1.23.4
2023/05/25 20:40:04 [notice] 1#1: built by gcc 12.2.1 20220924 (Alpine 12.2.1_git20220924-r4) 
2023/05/25 20:40:04 [notice] 1#1: OS: Linux 5.15.90.1-microsoft-standard-WSL2
2023/05/25 20:40:04 [notice] 1#1: getrlimit(RLIMIT_NOFILE): 1048576:1048576
2023/05/25 20:40:04 [notice] 1#1: start worker processes
2023/05/25 20:40:04 [notice] 1#1: start worker process 29
2023/05/25 20:40:04 [notice] 1#1: start worker process 30
2023/05/25 20:40:04 [notice] 1#1: start worker process 31
2023/05/25 20:40:04 [notice] 1#1: start worker process 32
2023/05/25 21:24:24 [notice] 1#1: signal 3 (SIGQUIT) received, shutting down
2023/05/25 21:24:24 [notice] 29#29: gracefully shutting down
2023/05/25 21:24:24 [notice] 31#31: gracefully shutting down
2023/05/25 21:24:24 [notice] 32#32: gracefully shutting down
2023/05/25 21:24:24 [notice] 29#29: exiting
2023/05/25 21:24:24 [notice] 30#30: gracefully shutting down
2023/05/25 21:24:24 [notice] 31#31: exiting
2023/05/25 21:24:24 [notice] 32#32: exiting
2023/05/25 21:24:24 [notice] 29#29: exit
2023/05/25 21:24:24 [notice] 30#30: exiting
2023/05/25 21:24:24 [notice] 31#31: exit
2023/05/25 21:24:24 [notice] 30#30: exit
2023/05/25 21:24:24 [notice] 32#32: exit
2023/05/25 21:24:24 [notice] 1#1: signal 17 (SIGCHLD) received from 31
2023/05/25 21:24:24 [notice] 1#1: worker process 30 exited with code 0
2023/05/25 21:24:24 [notice] 1#1: worker process 31 exited with code 0
2023/05/25 21:24:24 [notice] 1#1: signal 29 (SIGIO) received
2023/05/25 21:24:24 [notice] 1#1: signal 17 (SIGCHLD) received from 30
2023/05/25 21:24:24 [notice] 1#1: signal 17 (SIGCHLD) received from 29
2023/05/25 21:24:24 [notice] 1#1: worker process 29 exited with code 0
2023/05/25 21:24:24 [notice] 1#1: worker process 32 exited with code 0
2023/05/25 21:24:24 [notice] 1#1: exit
2023/05/25 22:01:16 [notice] 1#1: using the "epoll" event method
2023/05/25 22:01:16 [notice] 1#1: nginx/1.23.4
2023/05/25 22:01:16 [notice] 1#1: built by gcc 12.2.1 20220924 (Alpine 12.2.1_git20220924-r4) 
2023/05/25 22:01:16 [notice] 1#1: OS: Linux 5.15.90.1-microsoft-standard-WSL2
2023/05/25 22:01:16 [notice] 1#1: getrlimit(RLIMIT_NOFILE): 1048576:1048576
2023/05/25 22:01:16 [notice] 1#1: start worker processes
2023/05/25 22:01:16 [notice] 1#1: start worker process 29
2023/05/25 22:01:16 [notice] 1#1: start worker process 30
2023/05/25 22:01:16 [notice] 1#1: start worker process 31
2023/05/25 22:01:16 [notice] 1#1: start worker process 32
2023/05/25 23:45:48 [notice] 1#1: signal 3 (SIGQUIT) received, shutting down
2023/05/25 23:45:48 [notice] 29#29: gracefully shutting down
2023/05/25 23:45:48 [notice] 31#31: gracefully shutting down
2023/05/25 23:45:48 [notice] 30#30: gracefully shutting down
2023/05/25 23:45:48 [notice] 29#29: exiting
2023/05/25 23:45:48 [notice] 32#32: gracefully shutting down
2023/05/25 23:45:48 [notice] 31#31: exiting
2023/05/25 23:45:48 [notice] 30#30: exiting
2023/05/25 23:45:48 [notice] 29#29: exit
2023/05/25 23:45:48 [notice] 32#32: exiting
2023/05/25 23:45:48 [notice] 31#31: exit
2023/05/25 23:45:48 [notice] 30#30: exit
2023/05/25 23:45:48 [notice] 32#32: exit
2023/05/25 23:45:48 [notice] 1#1: signal 17 (SIGCHLD) received from 32
2023/05/25 23:45:48 [notice] 1#1: worker process 32 exited with code 0
2023/05/25 23:45:48 [notice] 1#1: signal 29 (SIGIO) received
2023/05/25 23:45:48 [notice] 1#1: signal 17 (SIGCHLD) received from 30
2023/05/25 23:45:48 [notice] 1#1: worker process 30 exited with code 0
2023/05/25 23:45:48 [notice] 1#1: worker process 29 exited with code 0
2023/05/25 23:45:48 [notice] 1#1: worker process 31 exited with code 0
2023/05/25 23:45:48 [notice] 1#1: exit
2023/05/26 07:55:32 [notice] 1#1: using the "epoll" event method
2023/05/26 07:55:32 [notice] 1#1: nginx/1.23.4
2023/05/26 07:55:32 [notice] 1#1: built by gcc 12.2.1 20220924 (Alpine 12.2.1_git20220924-r4) 
2023/05/26 07:55:32 [notice] 1#1: OS: Linux 5.15.90.1-microsoft-standard-WSL2
2023/05/26 07:55:32 [notice] 1#1: getrlimit(RLIMIT_NOFILE): 1048576:1048576
2023/05/26 07:55:32 [notice] 1#1: start worker processes
2023/05/26 07:55:32 [notice] 1#1: start worker process 28
2023/05/26 07:55:32 [notice] 1#1: start worker process 29
2023/05/26 07:55:32 [notice] 1#1: start worker process 30
2023/05/26 07:55:32 [notice] 1#1: start worker process 31
2023/05/26 07:56:22 [notice] 1#1: signal 3 (SIGQUIT) received, shutting down
2023/05/26 07:56:22 [notice] 28#28: gracefully shutting down
2023/05/26 07:56:22 [notice] 29#29: gracefully shutting down
2023/05/26 07:56:22 [notice] 30#30: gracefully shutting down
2023/05/26 07:56:22 [notice] 30#30: exiting
2023/05/26 07:56:22 [notice] 31#31: gracefully shutting down
2023/05/26 07:56:22 [notice] 30#30: exit
2023/05/26 07:56:22 [notice] 29#29: exiting
2023/05/26 07:56:22 [notice] 29#29: exit
2023/05/26 07:56:22 [notice] 31#31: exiting
2023/05/26 07:56:22 [notice] 31#31: exit
2023/05/26 07:56:22 [notice] 1#1: signal 17 (SIGCHLD) received from 30
2023/05/26 07:56:22 [notice] 1#1: worker process 30 exited with code 0
2023/05/26 07:56:22 [notice] 1#1: signal 29 (SIGIO) received
2023/05/26 07:56:22 [notice] 1#1: signal 17 (SIGCHLD) received from 29
2023/05/26 07:56:22 [notice] 1#1: worker process 29 exited with code 0
2023/05/26 07:56:22 [notice] 1#1: signal 29 (SIGIO) received
2023/05/26 07:56:22 [notice] 1#1: signal 17 (SIGCHLD) received from 31
2023/05/26 07:56:22 [notice] 1#1: worker process 31 exited with code 0
2023/05/26 07:56:22 [notice] 1#1: signal 29 (SIGIO) received
2023/05/26 07:56:40 [notice] 1#1: using the "epoll" event method
2023/05/26 07:56:40 [notice] 1#1: nginx/1.23.4
2023/05/26 07:56:40 [notice] 1#1: built by gcc 12.2.1 20220924 (Alpine 12.2.1_git20220924-r4) 
2023/05/26 07:56:40 [notice] 1#1: OS: Linux 5.15.90.1-microsoft-standard-WSL2
2023/05/26 07:56:40 [notice] 1#1: getrlimit(RLIMIT_NOFILE): 1048576:1048576
2023/05/26 07:56:40 [notice] 1#1: start worker processes
2023/05/26 07:56:40 [notice] 1#1: start worker process 30
2023/05/26 07:56:40 [notice] 1#1: start worker process 31
2023/05/26 07:56:40 [notice] 1#1: start worker process 32
2023/05/26 07:56:40 [notice] 1#1: start worker process 33
2023/05/26 08:04:53 [notice] 1#1: signal 3 (SIGQUIT) received, shutting down
2023/05/26 08:04:53 [notice] 31#31: gracefully shutting down
2023/05/26 08:04:53 [notice] 33#33: gracefully shutting down
2023/05/26 08:04:53 [notice] 32#32: gracefully shutting down
2023/05/26 08:04:53 [notice] 30#30: gracefully shutting down
2023/05/26 08:04:53 [notice] 31#31: exiting
2023/05/26 08:04:53 [notice] 31#31: exit
2023/05/26 08:04:53 [notice] 33#33: exiting
2023/05/26 08:04:53 [notice] 33#33: exit
2023/05/26 08:04:53 [notice] 32#32: exiting
2023/05/26 08:04:53 [notice] 32#32: exit
2023/05/26 08:04:53 [notice] 30#30: exiting
2023/05/26 08:04:53 [notice] 30#30: exit
2023/05/26 08:04:54 [notice] 1#1: signal 17 (SIGCHLD) received from 31
2023/05/26 08:04:54 [notice] 1#1: worker process 30 exited with code 0
2023/05/26 08:04:54 [notice] 1#1: worker process 31 exited with code 0
2023/05/26 08:04:54 [notice] 1#1: worker process 32 exited with code 0
2023/05/26 08:04:54 [notice] 1#1: worker process 33 exited with code 0
2023/05/26 08:04:54 [notice] 1#1: exit
